<?xml version="1.0" encoding="UTF-8"?>
<!-- Generated by org.testng.reporters.JUnitReportReporter -->
<testsuite hostname="Abduls-MBP" failures="0" tests="1" name="rahulshettyacademy.IOSTestCase3" time="8.053" errors="0" timestamp="2025-02-24T15:39:38 EST" skipped="0">
  <testcase classname="rahulshettyacademy.IOSTestCase3" name="openUIKitCatalog" time="8.053"/>
  <system-out/>
</testsuite> <!-- rahulshettyacademy.IOSTestCase3 -->
