<?xml version="1.0" encoding="UTF-8"?>
<!-- Generated by org.testng.reporters.JUnitReportReporter -->
<testsuite hostname="Abduls-MBP" failures="0" tests="1" name="rahulshettyacademy.AppSetup" time="6.193" errors="0" timestamp="2024-12-20T13:43:58 EST" skipped="0">
  <testcase classname="rahulshettyacademy.AppSetup" name="LoadApp" time="6.193"/>
  <system-out/>
</testsuite> <!-- rahulshettyacademy.AppSetup -->
