<?xml version="1.0" encoding="UTF-8"?>
<!-- Generated by org.testng.reporters.JUnitReportReporter -->
<testsuite hostname="Abduls-MBP" failures="0" tests="1" name="org.abdul.IOSTestCase3" time="8.117" errors="0" timestamp="2025-02-24T16:11:50 EST" skipped="0">
  <testcase classname="org.abdul.IOSTestCase3" name="openUIKitCatalog" time="8.117"/>
  <system-out/>
</testsuite> <!-- org.abdul.IOSTestCase3 -->
