<?xml version="1.0" encoding="UTF-8"?>
<!-- Generated by org.testng.reporters.JUnitReportReporter -->
<testsuite hostname="Abduls-MBP" failures="0" tests="1" name="org.abdul.tests.IOSTestCase3" time="8.360" errors="0" timestamp="2025-02-24T21:39:14 EST" skipped="0">
  <testcase classname="org.abdul.tests.IOSTestCase3" name="openUIKitCatalog" time="8.360"/>
  <system-out/>
</testsuite> <!-- org.abdul.tests.IOSTestCase3 -->
