<?xml version="1.0" encoding="UTF-8"?>
<!-- Generated by org.testng.reporters.JUnitReportReporter -->
<testsuite hostname="Abduls-MBP" failures="0" tests="1" name="rahulshettyacademy.IOSAppSetup" time="3.791" errors="0" timestamp="2025-01-12T18:59:20 EST" skipped="0">
  <testcase classname="rahulshettyacademy.IOSAppSetup" name="LoadApp" time="3.791"/>
  <system-out/>
</testsuite> <!-- rahulshettyacademy.IOSAppSetup -->
